app/manifest-merger-release-report.txt
-- Merging decision tree log ---
manifest
ADDED from AndroidManifest.xml:2:1
	package
		ADDED from AndroidManifest.xml:3:5
		INJECTED from AndroidManifest.xml:0:0
		INJECTED from AndroidManifest.xml:0:0
	android:versionName
		INJECTED from AndroidManifest.xml:0:0
		INJECTED from AndroidManifest.xml:0:0
	xmlns:android
		ADDED from AndroidManifest.xml:2:11
	android:versionCode
		INJECTED from AndroidManifest.xml:0:0
		INJECTED from AndroidManifest.xml:0:0
uses-permission#android.permission.INTERNET
ADDED from AndroidManifest.xml:5:5
	android:name
		ADDED from AndroidManifest.xml:5:22
application
ADDED from AndroidManifest.xml:7:5
MERGED from com.android.support:appcompat-v7:23.4.0:25:5
MERGED from com.android.support:animated-vector-drawable:23.4.0:7:5
MERGED from com.android.support:support-vector-drawable:23.4.0:7:5
MERGED from com.android.support:support-v4:24.2.1:25:5
MERGED from com.android.support:support-compat:24.2.1:25:5
MERGED from com.android.support:support-media-compat:24.2.1:25:5
MERGED from com.android.support:support-compat:24.2.1:25:5
MERGED from com.android.support:support-core-utils:24.2.1:25:5
MERGED from com.android.support:support-compat:24.2.1:25:5
MERGED from com.android.support:support-core-ui:24.2.1:25:5
MERGED from com.android.support:support-compat:24.2.1:25:5
MERGED from com.android.support:support-fragment:24.2.1:25:5
MERGED from com.android.support:support-compat:24.2.1:25:5
MERGED from com.android.support:support-media-compat:24.2.1:25:5
MERGED from com.android.support:support-compat:24.2.1:25:5
MERGED from com.android.support:support-core-ui:24.2.1:25:5
MERGED from com.android.support:support-compat:24.2.1:25:5
MERGED from com.android.support:support-core-utils:24.2.1:25:5
MERGED from com.android.support:support-compat:24.2.1:25:5
MERGED from com.android.support:support-v4:24.2.1:25:5
MERGED from com.android.support:support-compat:24.2.1:25:5
MERGED from com.android.support:support-media-compat:24.2.1:25:5
MERGED from com.android.support:support-compat:24.2.1:25:5
MERGED from com.android.support:support-core-utils:24.2.1:25:5
MERGED from com.android.support:support-compat:24.2.1:25:5
MERGED from com.android.support:support-core-ui:24.2.1:25:5
MERGED from com.android.support:support-compat:24.2.1:25:5
MERGED from com.android.support:support-fragment:24.2.1:25:5
MERGED from com.android.support:support-compat:24.2.1:25:5
MERGED from com.android.support:support-media-compat:24.2.1:25:5
MERGED from com.android.support:support-compat:24.2.1:25:5
MERGED from com.android.support:support-core-ui:24.2.1:25:5
MERGED from com.android.support:support-compat:24.2.1:25:5
MERGED from com.android.support:support-core-utils:24.2.1:25:5
MERGED from com.android.support:support-compat:24.2.1:25:5
MERGED from com.android.support:support-vector-drawable:23.4.0:7:5
MERGED from com.android.support:support-v4:24.2.1:25:5
MERGED from com.android.support:support-compat:24.2.1:25:5
MERGED from com.android.support:support-media-compat:24.2.1:25:5
MERGED from com.android.support:support-compat:24.2.1:25:5
MERGED from com.android.support:support-core-utils:24.2.1:25:5
MERGED from com.android.support:support-compat:24.2.1:25:5
MERGED from com.android.support:support-core-ui:24.2.1:25:5
MERGED from com.android.support:support-compat:24.2.1:25:5
MERGED from com.android.support:support-fragment:24.2.1:25:5
MERGED from com.android.support:support-compat:24.2.1:25:5
MERGED from com.android.support:support-media-compat:24.2.1:25:5
MERGED from com.android.support:support-compat:24.2.1:25:5
MERGED from com.android.support:support-core-ui:24.2.1:25:5
MERGED from com.android.support:support-compat:24.2.1:25:5
MERGED from com.android.support:support-core-utils:24.2.1:25:5
MERGED from com.android.support:support-compat:24.2.1:25:5
MERGED from com.android.support:support-v4:24.2.1:25:5
MERGED from com.android.support:support-compat:24.2.1:25:5
MERGED from com.android.support:support-media-compat:24.2.1:25:5
MERGED from com.android.support:support-compat:24.2.1:25:5
MERGED from com.android.support:support-core-utils:24.2.1:25:5
MERGED from com.android.support:support-compat:24.2.1:25:5
MERGED from com.android.support:support-core-ui:24.2.1:25:5
MERGED from com.android.support:support-compat:24.2.1:25:5
MERGED from com.android.support:support-fragment:24.2.1:25:5
MERGED from com.android.support:support-compat:24.2.1:25:5
MERGED from com.android.support:support-media-compat:24.2.1:25:5
MERGED from com.android.support:support-compat:24.2.1:25:5
MERGED from com.android.support:support-core-ui:24.2.1:25:5
MERGED from com.android.support:support-compat:24.2.1:25:5
MERGED from com.android.support:support-core-utils:24.2.1:25:5
MERGED from com.android.support:support-compat:24.2.1:25:5
MERGED from com.android.support:design:23.4.0:22:5
MERGED from com.android.support:support-v4:24.2.1:25:5
MERGED from com.android.support:support-compat:24.2.1:25:5
MERGED from com.android.support:support-media-compat:24.2.1:25:5
MERGED from com.android.support:support-compat:24.2.1:25:5
MERGED from com.android.support:support-core-utils:24.2.1:25:5
MERGED from com.android.support:support-compat:24.2.1:25:5
MERGED from com.android.support:support-core-ui:24.2.1:25:5
MERGED from com.android.support:support-compat:24.2.1:25:5
MERGED from com.android.support:support-fragment:24.2.1:25:5
MERGED from com.android.support:support-compat:24.2.1:25:5
MERGED from com.android.support:support-media-compat:24.2.1:25:5
MERGED from com.android.support:support-compat:24.2.1:25:5
MERGED from com.android.support:support-core-ui:24.2.1:25:5
MERGED from com.android.support:support-compat:24.2.1:25:5
MERGED from com.android.support:support-core-utils:24.2.1:25:5
MERGED from com.android.support:support-compat:24.2.1:25:5
MERGED from com.android.support:appcompat-v7:23.4.0:25:5
MERGED from com.android.support:animated-vector-drawable:23.4.0:7:5
MERGED from com.android.support:support-vector-drawable:23.4.0:7:5
MERGED from com.android.support:support-v4:24.2.1:25:5
MERGED from com.android.support:support-compat:24.2.1:25:5
MERGED from com.android.support:support-media-compat:24.2.1:25:5
MERGED from com.android.support:support-compat:24.2.1:25:5
MERGED from com.android.support:support-core-utils:24.2.1:25:5
MERGED from com.android.support:support-compat:24.2.1:25:5
MERGED from com.android.support:support-core-ui:24.2.1:25:5
MERGED from com.android.support:support-compat:24.2.1:25:5
MERGED from com.android.support:support-fragment:24.2.1:25:5
MERGED from com.android.support:support-compat:24.2.1:25:5
MERGED from com.android.support:support-media-compat:24.2.1:25:5
MERGED from com.android.support:support-compat:24.2.1:25:5
MERGED from com.android.support:support-core-ui:24.2.1:25:5
MERGED from com.android.support:support-compat:24.2.1:25:5
MERGED from com.android.support:support-core-utils:24.2.1:25:5
MERGED from com.android.support:support-compat:24.2.1:25:5
MERGED from com.android.support:support-v4:24.2.1:25:5
MERGED from com.android.support:support-compat:24.2.1:25:5
MERGED from com.android.support:support-media-compat:24.2.1:25:5
MERGED from com.android.support:support-compat:24.2.1:25:5
MERGED from com.android.support:support-core-utils:24.2.1:25:5
MERGED from com.android.support:support-compat:24.2.1:25:5
MERGED from com.android.support:support-core-ui:24.2.1:25:5
MERGED from com.android.support:support-compat:24.2.1:25:5
MERGED from com.android.support:support-fragment:24.2.1:25:5
MERGED from com.android.support:support-compat:24.2.1:25:5
MERGED from com.android.support:support-media-compat:24.2.1:25:5
MERGED from com.android.support:support-compat:24.2.1:25:5
MERGED from com.android.support:support-core-ui:24.2.1:25:5
MERGED from com.android.support:support-compat:24.2.1:25:5
MERGED from com.android.support:support-core-utils:24.2.1:25:5
MERGED from com.android.support:support-compat:24.2.1:25:5
MERGED from com.android.support:support-vector-drawable:23.4.0:7:5
MERGED from com.android.support:support-v4:24.2.1:25:5
MERGED from com.android.support:support-compat:24.2.1:25:5
MERGED from com.android.support:support-media-compat:24.2.1:25:5
MERGED from com.android.support:support-compat:24.2.1:25:5
MERGED from com.android.support:support-core-utils:24.2.1:25:5
MERGED from com.android.support:support-compat:24.2.1:25:5
MERGED from com.android.support:support-core-ui:24.2.1:25:5
MERGED from com.android.support:support-compat:24.2.1:25:5
MERGED from com.android.support:support-fragment:24.2.1:25:5
MERGED from com.android.support:support-compat:24.2.1:25:5
MERGED from com.android.support:support-media-compat:24.2.1:25:5
MERGED from com.android.support:support-compat:24.2.1:25:5
MERGED from com.android.support:support-core-ui:24.2.1:25:5
MERGED from com.android.support:support-compat:24.2.1:25:5
MERGED from com.android.support:support-core-utils:24.2.1:25:5
MERGED from com.android.support:support-compat:24.2.1:25:5
MERGED from com.android.support:support-v4:24.2.1:25:5
MERGED from com.android.support:support-compat:24.2.1:25:5
MERGED from com.android.support:support-media-compat:24.2.1:25:5
MERGED from com.android.support:support-compat:24.2.1:25:5
MERGED from com.android.support:support-core-utils:24.2.1:25:5
MERGED from com.android.support:support-compat:24.2.1:25:5
MERGED from com.android.support:support-core-ui:24.2.1:25:5
MERGED from com.android.support:support-compat:24.2.1:25:5
MERGED from com.android.support:support-fragment:24.2.1:25:5
MERGED from com.android.support:support-compat:24.2.1:25:5
MERGED from com.android.support:support-media-compat:24.2.1:25:5
MERGED from com.android.support:support-compat:24.2.1:25:5
MERGED from com.android.support:support-core-ui:24.2.1:25:5
MERGED from com.android.support:support-compat:24.2.1:25:5
MERGED from com.android.support:support-core-utils:24.2.1:25:5
MERGED from com.android.support:support-compat:24.2.1:25:5
MERGED from com.android.support:design:23.4.0:22:5
MERGED from com.android.support:support-v4:24.2.1:25:5
MERGED from com.android.support:support-compat:24.2.1:25:5
MERGED from com.android.support:support-media-compat:24.2.1:25:5
MERGED from com.android.support:support-compat:24.2.1:25:5
MERGED from com.android.support:support-core-utils:24.2.1:25:5
MERGED from com.android.support:support-compat:24.2.1:25:5
MERGED from com.android.support:support-core-ui:24.2.1:25:5
MERGED from com.android.support:support-compat:24.2.1:25:5
MERGED from com.android.support:support-fragment:24.2.1:25:5
MERGED from com.android.support:support-compat:24.2.1:25:5
MERGED from com.android.support:support-media-compat:24.2.1:25:5
MERGED from com.android.support:support-compat:24.2.1:25:5
MERGED from com.android.support:support-core-ui:24.2.1:25:5
MERGED from com.android.support:support-compat:24.2.1:25:5
MERGED from com.android.support:support-core-utils:24.2.1:25:5
MERGED from com.android.support:support-compat:24.2.1:25:5
MERGED from com.android.support:appcompat-v7:23.4.0:25:5
MERGED from com.android.support:animated-vector-drawable:23.4.0:7:5
MERGED from com.android.support:support-vector-drawable:23.4.0:7:5
MERGED from com.android.support:support-v4:24.2.1:25:5
MERGED from com.android.support:support-compat:24.2.1:25:5
MERGED from com.android.support:support-media-compat:24.2.1:25:5
MERGED from com.android.support:support-compat:24.2.1:25:5
MERGED from com.android.support:support-core-utils:24.2.1:25:5
MERGED from com.android.support:support-compat:24.2.1:25:5
MERGED from com.android.support:support-core-ui:24.2.1:25:5
MERGED from com.android.support:support-compat:24.2.1:25:5
MERGED from com.android.support:support-fragment:24.2.1:25:5
MERGED from com.android.support:support-compat:24.2.1:25:5
MERGED from com.android.support:support-media-compat:24.2.1:25:5
MERGED from com.android.support:support-compat:24.2.1:25:5
MERGED from com.android.support:support-core-ui:24.2.1:25:5
MERGED from com.android.support:support-compat:24.2.1:25:5
MERGED from com.android.support:support-core-utils:24.2.1:25:5
MERGED from com.android.support:support-compat:24.2.1:25:5
MERGED from com.android.support:support-v4:24.2.1:25:5
MERGED from com.android.support:support-compat:24.2.1:25:5
MERGED from com.android.support:support-media-compat:24.2.1:25:5
MERGED from com.android.support:support-compat:24.2.1:25:5
MERGED from com.android.support:support-core-utils:24.2.1:25:5
MERGED from com.android.support:support-compat:24.2.1:25:5
MERGED from com.android.support:support-core-ui:24.2.1:25:5
MERGED from com.android.support:support-compat:24.2.1:25:5
MERGED from com.android.support:support-fragment:24.2.1:25:5
MERGED from com.android.support:support-compat:24.2.1:25:5
MERGED from com.android.support:support-media-compat:24.2.1:25:5
MERGED from com.android.support:support-compat:24.2.1:25:5
MERGED from com.android.support:support-core-ui:24.2.1:25:5
MERGED from com.android.support:support-compat:24.2.1:25:5
MERGED from com.android.support:support-core-utils:24.2.1:25:5
MERGED from com.android.support:support-compat:24.2.1:25:5
MERGED from com.android.support:support-vector-drawable:23.4.0:7:5
MERGED from com.android.support:support-v4:24.2.1:25:5
MERGED from com.android.support:support-compat:24.2.1:25:5
MERGED from com.android.support:support-media-compat:24.2.1:25:5
MERGED from com.android.support:support-compat:24.2.1:25:5
MERGED from com.android.support:support-core-utils:24.2.1:25:5
MERGED from com.android.support:support-compat:24.2.1:25:5
MERGED from com.android.support:support-core-ui:24.2.1:25:5
MERGED from com.android.support:support-compat:24.2.1:25:5
MERGED from com.android.support:support-fragment:24.2.1:25:5
MERGED from com.android.support:support-compat:24.2.1:25:5
MERGED from com.android.support:support-media-compat:24.2.1:25:5
MERGED from com.android.support:support-compat:24.2.1:25:5
MERGED from com.android.support:support-core-ui:24.2.1:25:5
MERGED from com.android.support:support-compat:24.2.1:25:5
MERGED from com.android.support:support-core-utils:24.2.1:25:5
MERGED from com.android.support:support-compat:24.2.1:25:5
MERGED from com.android.support:support-v4:24.2.1:25:5
MERGED from com.android.support:support-compat:24.2.1:25:5
MERGED from com.android.support:support-media-compat:24.2.1:25:5
MERGED from com.android.support:support-compat:24.2.1:25:5
MERGED from com.android.support:support-core-utils:24.2.1:25:5
MERGED from com.android.support:support-compat:24.2.1:25:5
MERGED from com.android.support:support-core-ui:24.2.1:25:5
MERGED from com.android.support:support-compat:24.2.1:25:5
MERGED from com.android.support:support-fragment:24.2.1:25:5
MERGED from com.android.support:support-compat:24.2.1:25:5
MERGED from com.android.support:support-media-compat:24.2.1:25:5
MERGED from com.android.support:support-compat:24.2.1:25:5
MERGED from com.android.support:support-core-ui:24.2.1:25:5
MERGED from com.android.support:support-compat:24.2.1:25:5
MERGED from com.android.support:support-core-utils:24.2.1:25:5
MERGED from com.android.support:support-compat:24.2.1:25:5
MERGED from com.android.support:appcompat-v7:23.4.0:25:5
MERGED from com.android.support:animated-vector-drawable:23.4.0:7:5
MERGED from com.android.support:support-vector-drawable:23.4.0:7:5
MERGED from com.android.support:support-v4:24.2.1:25:5
MERGED from com.android.support:support-compat:24.2.1:25:5
MERGED from com.android.support:support-media-compat:24.2.1:25:5
MERGED from com.android.support:support-compat:24.2.1:25:5
MERGED from com.android.support:support-core-utils:24.2.1:25:5
MERGED from com.android.support:support-compat:24.2.1:25:5
MERGED from com.android.support:support-core-ui:24.2.1:25:5
MERGED from com.android.support:support-compat:24.2.1:25:5
MERGED from com.android.support:support-fragment:24.2.1:25:5
MERGED from com.android.support:support-compat:24.2.1:25:5
MERGED from com.android.support:support-media-compat:24.2.1:25:5
MERGED from com.android.support:support-compat:24.2.1:25:5
MERGED from com.android.support:support-core-ui:24.2.1:25:5
MERGED from com.android.support:support-compat:24.2.1:25:5
MERGED from com.android.support:support-core-utils:24.2.1:25:5
MERGED from com.android.support:support-compat:24.2.1:25:5
MERGED from com.android.support:support-v4:24.2.1:25:5
MERGED from com.android.support:support-compat:24.2.1:25:5
MERGED from com.android.support:support-media-compat:24.2.1:25:5
MERGED from com.android.support:support-compat:24.2.1:25:5
MERGED from com.android.support:support-core-utils:24.2.1:25:5
MERGED from com.android.support:support-compat:24.2.1:25:5
MERGED from com.android.support:support-core-ui:24.2.1:25:5
MERGED from com.android.support:support-compat:24.2.1:25:5
MERGED from com.android.support:support-fragment:24.2.1:25:5
MERGED from com.android.support:support-compat:24.2.1:25:5
MERGED from com.android.support:support-media-compat:24.2.1:25:5
MERGED from com.android.support:support-compat:24.2.1:25:5
MERGED from com.android.support:support-core-ui:24.2.1:25:5
MERGED from com.android.support:support-compat:24.2.1:25:5
MERGED from com.android.support:support-core-utils:24.2.1:25:5
MERGED from com.android.support:support-compat:24.2.1:25:5
MERGED from com.android.support:support-vector-drawable:23.4.0:7:5
MERGED from com.android.support:support-v4:24.2.1:25:5
MERGED from com.android.support:support-compat:24.2.1:25:5
MERGED from com.android.support:support-media-compat:24.2.1:25:5
MERGED from com.android.support:support-compat:24.2.1:25:5
MERGED from com.android.support:support-core-utils:24.2.1:25:5
MERGED from com.android.support:support-compat:24.2.1:25:5
MERGED from com.android.support:support-core-ui:24.2.1:25:5
MERGED from com.android.support:support-compat:24.2.1:25:5
MERGED from com.android.support:support-fragment:24.2.1:25:5
MERGED from com.android.support:support-compat:24.2.1:25:5
MERGED from com.android.support:support-media-compat:24.2.1:25:5
MERGED from com.android.support:support-compat:24.2.1:25:5
MERGED from com.android.support:support-core-ui:24.2.1:25:5
MERGED from com.android.support:support-compat:24.2.1:25:5
MERGED from com.android.support:support-core-utils:24.2.1:25:5
MERGED from com.android.support:support-compat:24.2.1:25:5
	android:label
		ADDED from AndroidManifest.xml:10:9
	android:allowBackup
		ADDED from AndroidManifest.xml:8:9
	android:icon
		ADDED from AndroidManifest.xml:9:9
	android:theme
		ADDED from AndroidManifest.xml:11:9
activity#in.channeli.noticeboard.SplashScreen
ADDED from AndroidManifest.xml:12:9
	android:screenOrientation
		ADDED from AndroidManifest.xml:16:13
	android:label
		ADDED from AndroidManifest.xml:14:13
	android:windowSoftInputMode
		ADDED from AndroidManifest.xml:15:13
	android:name
		ADDED from AndroidManifest.xml:13:13
intent-filter#android.intent.action.MAIN+android.intent.category.LAUNCHER
ADDED from AndroidManifest.xml:17:13
action#android.intent.action.MAIN
ADDED from AndroidManifest.xml:18:17
	android:name
		ADDED from AndroidManifest.xml:18:25
category#android.intent.category.LAUNCHER
ADDED from AndroidManifest.xml:19:17
	android:name
		ADDED from AndroidManifest.xml:19:27
activity#in.channeli.noticeboard.Login
ADDED from AndroidManifest.xml:22:9
	android:screenOrientation
		ADDED from AndroidManifest.xml:26:13
	android:label
		ADDED from AndroidManifest.xml:24:13
	android:windowSoftInputMode
		ADDED from AndroidManifest.xml:25:13
	android:name
		ADDED from AndroidManifest.xml:23:13
activity#in.channeli.noticeboard.MainActivity
ADDED from AndroidManifest.xml:28:9
	android:screenOrientation
		ADDED from AndroidManifest.xml:32:13
	android:label
		ADDED from AndroidManifest.xml:30:13
	android:windowSoftInputMode
		ADDED from AndroidManifest.xml:31:13
	android:name
		ADDED from AndroidManifest.xml:29:13
meta-data#android.app.default_searchable
ADDED from AndroidManifest.xml:33:13
	android:value
		ADDED from AndroidManifest.xml:35:17
	android:name
		ADDED from AndroidManifest.xml:34:17
activity#in.channeli.noticeboard.Notice
ADDED from AndroidManifest.xml:37:9
	android:screenOrientation
		ADDED from AndroidManifest.xml:41:13
	android:label
		ADDED from AndroidManifest.xml:39:13
	android:windowSoftInputMode
		ADDED from AndroidManifest.xml:40:13
	android:name
		ADDED from AndroidManifest.xml:38:13
service#connections.ProfilePicService
ADDED from AndroidManifest.xml:44:9
	android:exported
		ADDED from AndroidManifest.xml:46:13
	android:name
		ADDED from AndroidManifest.xml:45:13
service#connections.SearchService
ADDED from AndroidManifest.xml:48:9
	android:exported
		ADDED from AndroidManifest.xml:50:13
	android:name
		ADDED from AndroidManifest.xml:49:13
activity#in.channeli.noticeboard.SearchActivity
ADDED from AndroidManifest.xml:53:9
	android:screenOrientation
		ADDED from AndroidManifest.xml:57:13
	android:launchMode
		ADDED from AndroidManifest.xml:55:13
	android:windowSoftInputMode
		ADDED from AndroidManifest.xml:56:13
	android:name
		ADDED from AndroidManifest.xml:54:13
intent-filter#android.intent.action.SEARCH
ADDED from AndroidManifest.xml:58:13
action#android.intent.action.SEARCH
ADDED from AndroidManifest.xml:59:17
	android:name
		ADDED from AndroidManifest.xml:59:25
meta-data#android.app.searchable
ADDED from AndroidManifest.xml:62:13
	android:resource
		ADDED from AndroidManifest.xml:64:17
	android:name
		ADDED from AndroidManifest.xml:63:17
uses-sdk
INJECTED from AndroidManifest.xml:0:0 reason: use-sdk injection requested
MERGED from com.android.support:appcompat-v7:23.4.0:21:5
MERGED from com.android.support:animated-vector-drawable:23.4.0:5:5
MERGED from com.android.support:support-vector-drawable:23.4.0:5:5
MERGED from com.android.support:support-v4:24.2.1:21:5
MERGED from com.android.support:support-compat:24.2.1:21:5
MERGED from com.android.support:support-media-compat:24.2.1:21:5
MERGED from com.android.support:support-compat:24.2.1:21:5
MERGED from com.android.support:support-core-utils:24.2.1:21:5
MERGED from com.android.support:support-compat:24.2.1:21:5
MERGED from com.android.support:support-core-ui:24.2.1:21:5
MERGED from com.android.support:support-compat:24.2.1:21:5
MERGED from com.android.support:support-fragment:24.2.1:21:5
MERGED from com.android.support:support-compat:24.2.1:21:5
MERGED from com.android.support:support-media-compat:24.2.1:21:5
MERGED from com.android.support:support-compat:24.2.1:21:5
MERGED from com.android.support:support-core-ui:24.2.1:21:5
MERGED from com.android.support:support-compat:24.2.1:21:5
MERGED from com.android.support:support-core-utils:24.2.1:21:5
MERGED from com.android.support:support-compat:24.2.1:21:5
MERGED from com.android.support:support-v4:24.2.1:21:5
MERGED from com.android.support:support-compat:24.2.1:21:5
MERGED from com.android.support:support-media-compat:24.2.1:21:5
MERGED from com.android.support:support-compat:24.2.1:21:5
MERGED from com.android.support:support-core-utils:24.2.1:21:5
MERGED from com.android.support:support-compat:24.2.1:21:5
MERGED from com.android.support:support-core-ui:24.2.1:21:5
MERGED from com.android.support:support-compat:24.2.1:21:5
MERGED from com.android.support:support-fragment:24.2.1:21:5
MERGED from com.android.support:support-compat:24.2.1:21:5
MERGED from com.android.support:support-media-compat:24.2.1:21:5
MERGED from com.android.support:support-compat:24.2.1:21:5
MERGED from com.android.support:support-core-ui:24.2.1:21:5
MERGED from com.android.support:support-compat:24.2.1:21:5
MERGED from com.android.support:support-core-utils:24.2.1:21:5
MERGED from com.android.support:support-compat:24.2.1:21:5
MERGED from com.android.support:support-vector-drawable:23.4.0:5:5
MERGED from com.android.support:support-v4:24.2.1:21:5
MERGED from com.android.support:support-compat:24.2.1:21:5
MERGED from com.android.support:support-media-compat:24.2.1:21:5
MERGED from com.android.support:support-compat:24.2.1:21:5
MERGED from com.android.support:support-core-utils:24.2.1:21:5
MERGED from com.android.support:support-compat:24.2.1:21:5
MERGED from com.android.support:support-core-ui:24.2.1:21:5
MERGED from com.android.support:support-compat:24.2.1:21:5
MERGED from com.android.support:support-fragment:24.2.1:21:5
MERGED from com.android.support:support-compat:24.2.1:21:5
MERGED from com.android.support:support-media-compat:24.2.1:21:5
MERGED from com.android.support:support-compat:24.2.1:21:5
MERGED from com.android.support:support-core-ui:24.2.1:21:5
MERGED from com.android.support:support-compat:24.2.1:21:5
MERGED from com.android.support:support-core-utils:24.2.1:21:5
MERGED from com.android.support:support-compat:24.2.1:21:5
MERGED from com.android.support:support-v4:24.2.1:21:5
MERGED from com.android.support:support-compat:24.2.1:21:5
MERGED from com.android.support:support-media-compat:24.2.1:21:5
MERGED from com.android.support:support-compat:24.2.1:21:5
MERGED from com.android.support:support-core-utils:24.2.1:21:5
MERGED from com.android.support:support-compat:24.2.1:21:5
MERGED from com.android.support:support-core-ui:24.2.1:21:5
MERGED from com.android.support:support-compat:24.2.1:21:5
MERGED from com.android.support:support-fragment:24.2.1:21:5
MERGED from com.android.support:support-compat:24.2.1:21:5
MERGED from com.android.support:support-media-compat:24.2.1:21:5
MERGED from com.android.support:support-compat:24.2.1:21:5
MERGED from com.android.support:support-core-ui:24.2.1:21:5
MERGED from com.android.support:support-compat:24.2.1:21:5
MERGED from com.android.support:support-core-utils:24.2.1:21:5
MERGED from com.android.support:support-compat:24.2.1:21:5
MERGED from com.android.support:design:23.4.0:20:5
MERGED from com.android.support:recyclerview-v7:23.4.0:20:5
MERGED from com.android.support:support-v4:24.2.1:21:5
MERGED from com.android.support:support-compat:24.2.1:21:5
MERGED from com.android.support:support-media-compat:24.2.1:21:5
MERGED from com.android.support:support-compat:24.2.1:21:5
MERGED from com.android.support:support-core-utils:24.2.1:21:5
MERGED from com.android.support:support-compat:24.2.1:21:5
MERGED from com.android.support:support-core-ui:24.2.1:21:5
MERGED from com.android.support:support-compat:24.2.1:21:5
MERGED from com.android.support:support-fragment:24.2.1:21:5
MERGED from com.android.support:support-compat:24.2.1:21:5
MERGED from com.android.support:support-media-compat:24.2.1:21:5
MERGED from com.android.support:support-compat:24.2.1:21:5
MERGED from com.android.support:support-core-ui:24.2.1:21:5
MERGED from com.android.support:support-compat:24.2.1:21:5
MERGED from com.android.support:support-core-utils:24.2.1:21:5
MERGED from com.android.support:support-compat:24.2.1:21:5
MERGED from com.android.support:appcompat-v7:23.4.0:21:5
MERGED from com.android.support:animated-vector-drawable:23.4.0:5:5
MERGED from com.android.support:support-vector-drawable:23.4.0:5:5
MERGED from com.android.support:support-v4:24.2.1:21:5
MERGED from com.android.support:support-compat:24.2.1:21:5
MERGED from com.android.support:support-media-compat:24.2.1:21:5
MERGED from com.android.support:support-compat:24.2.1:21:5
MERGED from com.android.support:support-core-utils:24.2.1:21:5
MERGED from com.android.support:support-compat:24.2.1:21:5
MERGED from com.android.support:support-core-ui:24.2.1:21:5
MERGED from com.android.support:support-compat:24.2.1:21:5
MERGED from com.android.support:support-fragment:24.2.1:21:5
MERGED from com.android.support:support-compat:24.2.1:21:5
MERGED from com.android.support:support-media-compat:24.2.1:21:5
MERGED from com.android.support:support-compat:24.2.1:21:5
MERGED from com.android.support:support-core-ui:24.2.1:21:5
MERGED from com.android.support:support-compat:24.2.1:21:5
MERGED from com.android.support:support-core-utils:24.2.1:21:5
MERGED from com.android.support:support-compat:24.2.1:21:5
MERGED from com.android.support:support-v4:24.2.1:21:5
MERGED from com.android.support:support-compat:24.2.1:21:5
MERGED from com.android.support:support-media-compat:24.2.1:21:5
MERGED from com.android.support:support-compat:24.2.1:21:5
MERGED from com.android.support:support-core-utils:24.2.1:21:5
MERGED from com.android.support:support-compat:24.2.1:21:5
MERGED from com.android.support:support-core-ui:24.2.1:21:5
MERGED from com.android.support:support-compat:24.2.1:21:5
MERGED from com.android.support:support-fragment:24.2.1:21:5
MERGED from com.android.support:support-compat:24.2.1:21:5
MERGED from com.android.support:support-media-compat:24.2.1:21:5
MERGED from com.android.support:support-compat:24.2.1:21:5
MERGED from com.android.support:support-core-ui:24.2.1:21:5
MERGED from com.android.support:support-compat:24.2.1:21:5
MERGED from com.android.support:support-core-utils:24.2.1:21:5
MERGED from com.android.support:support-compat:24.2.1:21:5
MERGED from com.android.support:support-vector-drawable:23.4.0:5:5
MERGED from com.android.support:support-v4:24.2.1:21:5
MERGED from com.android.support:support-compat:24.2.1:21:5
MERGED from com.android.support:support-media-compat:24.2.1:21:5
MERGED from com.android.support:support-compat:24.2.1:21:5
MERGED from com.android.support:support-core-utils:24.2.1:21:5
MERGED from com.android.support:support-compat:24.2.1:21:5
MERGED from com.android.support:support-core-ui:24.2.1:21:5
MERGED from com.android.support:support-compat:24.2.1:21:5
MERGED from com.android.support:support-fragment:24.2.1:21:5
MERGED from com.android.support:support-compat:24.2.1:21:5
MERGED from com.android.support:support-media-compat:24.2.1:21:5
MERGED from com.android.support:support-compat:24.2.1:21:5
MERGED from com.android.support:support-core-ui:24.2.1:21:5
MERGED from com.android.support:support-compat:24.2.1:21:5
MERGED from com.android.support:support-core-utils:24.2.1:21:5
MERGED from com.android.support:support-compat:24.2.1:21:5
MERGED from com.android.support:support-v4:24.2.1:21:5
MERGED from com.android.support:support-compat:24.2.1:21:5
MERGED from com.android.support:support-media-compat:24.2.1:21:5
MERGED from com.android.support:support-compat:24.2.1:21:5